-------------------------------------------------------------------------------
Test set: starter.CucumberTestSuite
-------------------------------------------------------------------------------
Tests run: 4, Failures: 1, Errors: 0, Skipped: 0, Time elapsed: 10.448 s <<< FAILURE! - in starter.CucumberTestSuite
POST - As admin I have be able to assign a rating(Product)  Time elapsed: 0.51 s  <<< FAILURE!
java.lang.AssertionError: 
1 expectation failed.
Expected status code <200> but was <500>.


