<?xml version="1.0" encoding="UTF-8"?>
<testsuite xmlns:xsi="http://www.w3.org/2001/XMLSchema-instance" xsi:noNamespaceSchemaLocation="https://maven.apache.org/surefire/maven-failsafe-plugin/xsd/failsafe-test-report.xsd" name="starter.CucumberTestSuite" time="10.448" tests="4" errors="0" skipped="0" failures="1">
  <properties>
[...]
</properties>
  <testcase name="GET - As user I have be able to register" classname="Auth" time="5.004"/>
  <testcase name="GET - As admin I have be able to get all products" classname="Product" time="1.186"/>
  <testcase name="POST - As admin I have be able to create a new product" classname="Product" time="0.451"/>
  <testcase name="POST - As admin I have be able to assign a rating" classname="Product" time="0.51">
    <failure message="1 expectation failed.&#10;Expected status code &lt;200&gt; but was &lt;500&gt;.&#10;" type="java.lang.AssertionError"><![CDATA[java.lang.AssertionError: 
1 expectation failed.
Expected status code <200> but was <500>.

]]></failure>
    <system-out><![CDATA[
Scenario: POST - As admin I have be able to assign a rating &amp#27;[90m# src/test/resources/api/Product.feature:17&amp#27;[0m
08:41:59.193 [main] INFO  i.c.core.plugin.SerenityReporter - Running feature from file:///home/nadir/IdeaProjects/minproQE/src/test/resources/api/Product.feature
08:41:59.196 [main] WARN  i.c.core.plugin.SerenityReporter - Feature from file:///home/nadir/IdeaProjects/minproQE/src/test/resources/api/Product.feature is not under the 'features' directory. Requirements report will not be correctly generated!
08:41:59.200 [main] INFO   - 
  _____   ___   ___   _____     ___   _____     _     ___   _____   ___   ___  
 |_   _| | __| / __| |_   _|   / __| |_   _|   /_\   | _ \ |_   _| | __| |   \ 
   | |   | _|  \__ \   | |     \__ \   | |    / _ \  |   /   | |   | _|  | |) |
   |_|   |___| |___/   |_|     |___/   |_|   /_/ \_\ |_|_\   |_|   |___| |___/ 

POST - As admin I have be able to assign a rating(product;post---as-admin-i-have-be-able-to-assign-a-rating)
--------------------------------------------------------------------------------
08:41:59.253 [main] DEBUG n.t.core.steps.StepInterceptor - STARTING STEP: ProductSteps.setPostApiEndpointRating - I set POST api endpoint for assign rating
08:41:59.254 [main] DEBUG n.t.core.steps.StepInterceptor - STEP DONE: I set POST api endpoint for assign rating
  &amp#27;[32mGiven &amp#27;[0m&amp#27;[32mI set POST api endpoint for assign rating&amp#27;[0m           &amp#27;[90m# starter.stepdefinitions.ProductSteps.setPostApiEndpointRating()&amp#27;[0m
08:41:59.261 [main] DEBUG n.t.core.steps.StepInterceptor - STARTING STEP: ProductSteps.sendPostHttpRequestRating - I send POST request for assign rating
08:41:59.297 [main] DEBUG o.a.h.i.c.BasicClientConnectionManager - Get connection for route {s}->https://altashop-api.fly.dev:443
08:41:59.297 [main] DEBUG o.a.h.i.c.DefaultClientConnectionOperator - Connecting to altashop-api.fly.dev:443
08:41:59.383 [main] DEBUG o.a.h.c.protocol.RequestAddCookies - CookieSpec selected: ignoreCookies
08:41:59.383 [main] DEBUG o.a.h.c.protocol.RequestAuthCache - Auth cache not set in the context
08:41:59.383 [main] DEBUG o.a.h.c.p.RequestTargetAuthentication - Target auth state: UNCHALLENGED
08:41:59.383 [main] DEBUG o.a.h.c.p.RequestProxyAuthentication - Proxy auth state: UNCHALLENGED
08:41:59.383 [main] DEBUG o.a.h.impl.client.DefaultHttpClient - Attempt 1 to execute request
08:41:59.383 [main] DEBUG o.a.h.i.conn.DefaultClientConnection - Sending request: POST /api/auth/login HTTP/1.1
08:41:59.384 [main] DEBUG org.apache.http.wire -  >> "POST /api/auth/login HTTP/1.1[\r][\n]"
08:41:59.384 [main] DEBUG org.apache.http.wire -  >> "Accept: */*[\r][\n]"
08:41:59.384 [main] DEBUG org.apache.http.wire -  >> "Content-Type: application/json[\r][\n]"
08:41:59.384 [main] DEBUG org.apache.http.wire -  >> "Content-Length: 46[\r][\n]"
08:41:59.384 [main] DEBUG org.apache.http.wire -  >> "Host: altashop-api.fly.dev[\r][\n]"
08:41:59.384 [main] DEBUG org.apache.http.wire -  >> "Connection: Keep-Alive[\r][\n]"
08:41:59.385 [main] DEBUG org.apache.http.wire -  >> "User-Agent: Apache-HttpClient/4.5.13 (Java/17.0.6)[\r][\n]"
08:41:59.385 [main] DEBUG org.apache.http.wire -  >> "Accept-Encoding: gzip,deflate[\r][\n]"
08:41:59.385 [main] DEBUG org.apache.http.wire -  >> "[\r][\n]"
08:41:59.385 [main] DEBUG org.apache.http.headers - >> POST /api/auth/login HTTP/1.1
08:41:59.385 [main] DEBUG org.apache.http.headers - >> Accept: */*
08:41:59.385 [main] DEBUG org.apache.http.headers - >> Content-Type: application/json
08:41:59.385 [main] DEBUG org.apache.http.headers - >> Content-Length: 46
08:41:59.385 [main] DEBUG org.apache.http.headers - >> Host: altashop-api.fly.dev
08:41:59.385 [main] DEBUG org.apache.http.headers - >> Connection: Keep-Alive
08:41:59.385 [main] DEBUG org.apache.http.headers - >> User-Agent: Apache-HttpClient/4.5.13 (Java/17.0.6)
08:41:59.386 [main] DEBUG org.apache.http.headers - >> Accept-Encoding: gzip,deflate
08:41:59.386 [main] DEBUG org.apache.http.wire -  >> "{"password":"123123","email":"ganti@mail.com"}"
08:41:59.428 [main] DEBUG org.apache.http.wire -  << "HTTP/1.1 200 OK[\r][\n]"
08:41:59.428 [main] DEBUG org.apache.http.wire -  << "content-type: application/json[\r][\n]"
08:41:59.428 [main] DEBUG org.apache.http.wire -  << "date: Wed, 10 May 2023 01:41:59 GMT[\r][\n]"
08:41:59.428 [main] DEBUG org.apache.http.wire -  << "content-encoding: gzip[\r][\n]"
08:41:59.428 [main] DEBUG org.apache.http.wire -  << "transfer-encoding: chunked[\r][\n]"
08:41:59.428 [main] DEBUG org.apache.http.wire -  << "server: Fly/3f2597ca (2023-05-03)[\r][\n]"
08:41:59.428 [main] DEBUG org.apache.http.wire -  << "via: 1.1 fly.io[\r][\n]"
08:41:59.428 [main] DEBUG org.apache.http.wire -  << "fly-request-id: 01H01N50ZBESPZ83X28K8XFASZ-sin[\r][\n]"
08:41:59.428 [main] DEBUG org.apache.http.wire -  << "[\r][\n]"
08:41:59.428 [main] DEBUG o.a.h.i.conn.DefaultClientConnection - Receiving response: HTTP/1.1 200 OK
08:41:59.428 [main] DEBUG org.apache.http.headers - << HTTP/1.1 200 OK
08:41:59.428 [main] DEBUG org.apache.http.headers - << content-type: application/json
08:41:59.428 [main] DEBUG org.apache.http.headers - << date: Wed, 10 May 2023 01:41:59 GMT
08:41:59.428 [main] DEBUG org.apache.http.headers - << content-encoding: gzip
08:41:59.428 [main] DEBUG org.apache.http.headers - << transfer-encoding: chunked
08:41:59.428 [main] DEBUG org.apache.http.headers - << server: Fly/3f2597ca (2023-05-03)
08:41:59.428 [main] DEBUG org.apache.http.headers - << via: 1.1 fly.io
08:41:59.428 [main] DEBUG org.apache.http.headers - << fly-request-id: 01H01N50ZBESPZ83X28K8XFASZ-sin
08:41:59.428 [main] DEBUG o.a.h.impl.client.DefaultHttpClient - Connection can be kept alive indefinitely
08:41:59.429 [main] DEBUG i.r.internal.RestAssuredHttpBuilder - Parsing response as: application/json
08:41:59.429 [main] DEBUG org.apache.http.wire -  << "B2[\r][\n]"
08:41:59.429 [main] DEBUG org.apache.http.wire -  << "[0x1f][0x8b][0x8][0x0][0x0][0x0][0x0][0x0][0x4][0xff][0xab]VJI,IT[0xb2]RJ[0xad][0xf4][0xca]HrO[0xce][0xf4][0xcf][0xf4][0xf2][0xc][0xad][0xf2]4[0xf4][0xcb][0xf4],[0xf6][0xcc][0xb]2Mv[0xf6]4[0xf3][0xcc].[0x88][0x8]s[0xf6][0xb2][0xd4]K[0xad][0xf4]rO[0x9][0xaf](N[0xca]u+[0x89][\n]"
08:41:59.429 [main] DEBUG org.apache.http.wire -  << "[0x6]ID[0x15]$[0xe7][0xf9][0x19]@[0xf8]N[0xbe][0x91][0x11]0[0xb6]g[0xb1]gvXIdxN[0xb1]gV~f[0x94][0x91][i[0x8a]{[0x8e]cR[0xb8][A[0x92][0xb3]iV[0x92][0x91]AfZ[0xa0][0x9e][0x8b]e[0xa5]{[0x95]_H^[0xa4]s[0xa4][0x85]i[0x90][0x9b][0x85]E[0xa5]Q[0xa8]wv[0xa9]QqfUD`DrQ[0xb1][0xae]i[0x80]_hxf~[0xa0]R-[0x17][0x0][0xa8][0xfd][0xf7]z[0xab][0x0][0x0][0x0]"
08:41:59.429 [main] DEBUG org.apache.http.wire -  << "[\r][\n]"
08:41:59.429 [main] DEBUG org.apache.http.wire -  << "0[\r][\n]"
08:41:59.429 [main] DEBUG org.apache.http.wire -  << "[\r][\n]"
08:41:59.429 [main] DEBUG i.r.internal.RestAssuredHttpBuilder - Parsed data to instance of: class org.apache.http.conn.EofSensorInputStream
08:41:59.435 [main] DEBUG o.a.h.i.c.BasicClientConnectionManager - Releasing connection org.apache.http.impl.conn.ManagedClientConnectionImpl@291cbe70
08:41:59.435 [main] DEBUG o.a.h.i.c.BasicClientConnectionManager - Connection can be kept alive indefinitely
08:41:59.439 [main] DEBUG n.t.core.steps.StepInterceptor - STARTING STEP: PostRating.sendPostHttpRequestRating - I set POST api endpoint for assign rating
08:41:59.440 [main] DEBUG n.t.core.steps.StepInterceptor - STEP DONE: I set POST api endpoint for assign rating
08:41:59.464 [main] DEBUG o.a.h.i.c.BasicClientConnectionManager - Get connection for route {s}->https://altashop-api.fly.dev:443
08:41:59.464 [main] DEBUG o.a.h.i.c.DefaultClientConnectionOperator - Connecting to altashop-api.fly.dev:443
08:41:59.548 [main] DEBUG o.a.h.c.protocol.RequestAddCookies - CookieSpec selected: ignoreCookies
08:41:59.548 [main] DEBUG o.a.h.c.protocol.RequestAuthCache - Auth cache not set in the context
08:41:59.548 [main] DEBUG o.a.h.c.p.RequestProxyAuthentication - Proxy auth state: UNCHALLENGED
08:41:59.548 [main] DEBUG o.a.h.impl.client.DefaultHttpClient - Attempt 1 to execute request
08:41:59.548 [main] DEBUG o.a.h.i.conn.DefaultClientConnection - Sending request: POST /api/products/14482/ratings HTTP/1.1
08:41:59.548 [main] DEBUG org.apache.http.wire -  >> "POST /api/products/14482/ratings HTTP/1.1[\r][\n]"
08:41:59.551 [main] DEBUG org.apache.http.wire -  >> "Authorization: Bearer eyJhbGciOiJIUzI1NiIsInR5cCI6IkpXVCJ9.eyJGdWxsbmFtZSI6IkZpcnN0bmFtZSBMYXN0bmFtZSIsIkVtYWlsIjoiZ2FudGlAbWFpbC5jb20ifQ.D9yGzNTnYCY85RF88y2UKku2sizXQXcrsOm5PNUWioQ[\r][\n]"
08:41:59.552 [main] DEBUG org.apache.http.wire -  >> "Accept: */*[\r][\n]"
08:41:59.552 [main] DEBUG org.apache.http.wire -  >> "Content-Type: application/json[\r][\n]"
08:41:59.552 [main] DEBUG org.apache.http.wire -  >> "Content-Length: 11[\r][\n]"
08:41:59.552 [main] DEBUG org.apache.http.wire -  >> "Host: altashop-api.fly.dev[\r][\n]"
08:41:59.552 [main] DEBUG org.apache.http.wire -  >> "Connection: Keep-Alive[\r][\n]"
08:41:59.552 [main] DEBUG org.apache.http.wire -  >> "User-Agent: Apache-HttpClient/4.5.13 (Java/17.0.6)[\r][\n]"
08:41:59.552 [main] DEBUG org.apache.http.wire -  >> "Accept-Encoding: gzip,deflate[\r][\n]"
08:41:59.552 [main] DEBUG org.apache.http.wire -  >> "[\r][\n]"
08:41:59.552 [main] DEBUG org.apache.http.headers - >> POST /api/products/14482/ratings HTTP/1.1
08:41:59.552 [main] DEBUG org.apache.http.headers - >> Authorization: Bearer eyJhbGciOiJIUzI1NiIsInR5cCI6IkpXVCJ9.eyJGdWxsbmFtZSI6IkZpcnN0bmFtZSBMYXN0bmFtZSIsIkVtYWlsIjoiZ2FudGlAbWFpbC5jb20ifQ.D9yGzNTnYCY85RF88y2UKku2sizXQXcrsOm5PNUWioQ
08:41:59.552 [main] DEBUG org.apache.http.headers - >> Accept: */*
08:41:59.552 [main] DEBUG org.apache.http.headers - >> Content-Type: application/json
08:41:59.552 [main] DEBUG org.apache.http.headers - >> Content-Length: 11
08:41:59.552 [main] DEBUG org.apache.http.headers - >> Host: altashop-api.fly.dev
08:41:59.552 [main] DEBUG org.apache.http.headers - >> Connection: Keep-Alive
08:41:59.552 [main] DEBUG org.apache.http.headers - >> User-Agent: Apache-HttpClient/4.5.13 (Java/17.0.6)
08:41:59.552 [main] DEBUG org.apache.http.headers - >> Accept-Encoding: gzip,deflate
08:41:59.552 [main] DEBUG org.apache.http.wire -  >> "{"count":4}"
08:41:59.602 [main] DEBUG org.apache.http.wire -  << "HTTP/1.1 500 Internal Server Error[\r][\n]"
08:41:59.602 [main] DEBUG org.apache.http.wire -  << "content-type: application/json[\r][\n]"
08:41:59.602 [main] DEBUG org.apache.http.wire -  << "date: Wed, 10 May 2023 01:41:59 GMT[\r][\n]"
08:41:59.602 [main] DEBUG org.apache.http.wire -  << "content-encoding: gzip[\r][\n]"
08:41:59.602 [main] DEBUG org.apache.http.wire -  << "transfer-encoding: chunked[\r][\n]"
08:41:59.602 [main] DEBUG org.apache.http.wire -  << "server: Fly/3f2597ca (2023-05-03)[\r][\n]"
08:41:59.602 [main] DEBUG org.apache.http.wire -  << "via: 1.1 fly.io[\r][\n]"
08:41:59.602 [main] DEBUG org.apache.http.wire -  << "fly-request-id: 01H01N514PPFSKCR54VMNCES57-sin[\r][\n]"
08:41:59.602 [main] DEBUG org.apache.http.wire -  << "[\r][\n]"
08:41:59.603 [main] DEBUG o.a.h.i.conn.DefaultClientConnection - Receiving response: HTTP/1.1 500 Internal Server Error
08:41:59.603 [main] DEBUG org.apache.http.headers - << HTTP/1.1 500 Internal Server Error
08:41:59.603 [main] DEBUG org.apache.http.headers - << content-type: application/json
08:41:59.603 [main] DEBUG org.apache.http.headers - << date: Wed, 10 May 2023 01:41:59 GMT
08:41:59.603 [main] DEBUG org.apache.http.headers - << content-encoding: gzip
08:41:59.603 [main] DEBUG org.apache.http.headers - << transfer-encoding: chunked
08:41:59.603 [main] DEBUG org.apache.http.headers - << server: Fly/3f2597ca (2023-05-03)
08:41:59.603 [main] DEBUG org.apache.http.headers - << via: 1.1 fly.io
08:41:59.603 [main] DEBUG org.apache.http.headers - << fly-request-id: 01H01N514PPFSKCR54VMNCES57-sin
08:41:59.603 [main] DEBUG o.a.h.impl.client.DefaultHttpClient - Connection can be kept alive indefinitely
08:41:59.603 [main] DEBUG i.r.internal.RestAssuredHttpBuilder - Parsing response as: application/json
08:41:59.603 [main] DEBUG org.apache.http.wire -  << "31[\r][\n]"
08:41:59.603 [main] DEBUG org.apache.http.wire -  << "[0x1f][0x8b][0x8][0x0][0x0][0x0][0x0][0x0][0x4][0xff][0xab]VJ-*[0xca]/R[0xb2]R*JM[0xce]/JQ[0xc8][0xcb]/QH[0xcb]/[0xcd]KQ[0xaa][0xe5][0x2][0x0]6`[0x14][0x2][0x1d][0x0][0x0][0x0]"
08:41:59.603 [main] DEBUG org.apache.http.wire -  << "[\r][\n]"
08:41:59.603 [main] DEBUG org.apache.http.wire -  << "0[\r][\n]"
08:41:59.603 [main] DEBUG org.apache.http.wire -  << "[\r][\n]"
08:41:59.603 [main] DEBUG i.r.internal.RestAssuredHttpBuilder - Parsed data to instance of: class org.apache.http.conn.EofSensorInputStream
08:41:59.605 [main] DEBUG o.a.h.i.c.BasicClientConnectionManager - Releasing connection org.apache.http.impl.conn.ManagedClientConnectionImpl@2052f095
08:41:59.605 [main] DEBUG o.a.h.i.c.BasicClientConnectionManager - Connection can be kept alive indefinitely
08:41:59.606 [main] DEBUG n.t.core.steps.StepInterceptor - STEP DONE: I send POST request for assign rating
  &amp#27;[32mWhen &amp#27;[0m&amp#27;[32mI send POST request for assign rating&amp#27;[0m                &amp#27;[90m# starter.stepdefinitions.ProductSteps.sendPostHttpRequestRating()&amp#27;[0m
08:41:59.616 [main] DEBUG n.t.core.steps.StepInterceptor - STARTING STEP: ProductSteps.receiveValidHttpResponses - I receive valid HTTP response code 200
  &amp#27;[31mThen &amp#27;[0m&amp#27;[31mI receive valid HTTP response code 200&amp#27;[0m               &amp#27;[90m# starter.stepdefinitions.ProductSteps.receiveValidHttpResponses()&amp#27;[0m
      &amp#27;[31mjava.lang.AssertionError: 1 expectation failed.
Expected status code <200> but was <500>.

	at java.base/jdk.internal.reflect.NativeConstructorAccessorImpl.newInstance0(Native Method)
	at java.base/jdk.internal.reflect.NativeConstructorAccessorImpl.newInstance(NativeConstructorAccessorImpl.java:77)
	at java.base/jdk.internal.reflect.DelegatingConstructorAccessorImpl.newInstance(DelegatingConstructorAccessorImpl.java:45)
	at java.base/java.lang.reflect.Constructor.newInstanceWithCaller(Constructor.java:499)
	at java.base/java.lang.reflect.Constructor.newInstance(Constructor.java:480)
	at org.codehaus.groovy.reflection.CachedConstructor.invoke(CachedConstructor.java:73)
	at org.codehaus.groovy.runtime.callsite.ConstructorSite$ConstructorSiteNoUnwrapNoCoerce.callConstructor(ConstructorSite.java:108)
	at org.codehaus.groovy.runtime.callsite.CallSiteArray.defaultCallConstructor(CallSiteArray.java:57)
	at org.codehaus.groovy.runtime.callsite.AbstractCallSite.callConstructor(AbstractCallSite.java:263)
	at org.codehaus.groovy.runtime.callsite.AbstractCallSite.callConstructor(AbstractCallSite.java:277)
	at io.restassured.internal.ResponseSpecificationImpl$HamcrestAssertionClosure.validate(ResponseSpecificationImpl.groovy:512)
	at io.restassured.internal.ResponseSpecificationImpl$HamcrestAssertionClosure$validate$1.call(Unknown Source)
	at io.restassured.internal.ResponseSpecificationImpl.validateResponseIfRequired(ResponseSpecificationImpl.groovy:696)
	at io.restassured.internal.ResponseSpecificationImpl.this$2$validateResponseIfRequired(ResponseSpecificationImpl.groovy)
	at java.base/jdk.internal.reflect.NativeMethodAccessorImpl.invoke0(Native Method)
	at java.base/jdk.internal.reflect.NativeMethodAccessorImpl.invoke(NativeMethodAccessorImpl.java:77)
	at java.base/jdk.internal.reflect.DelegatingMethodAccessorImpl.invoke(DelegatingMethodAccessorImpl.java:43)
	at java.base/java.lang.reflect.Method.invoke(Method.java:568)
	at org.codehaus.groovy.runtime.callsite.PlainObjectMetaMethodSite.doInvoke(PlainObjectMetaMethodSite.java:43)
	at org.codehaus.groovy.runtime.callsite.PogoMetaMethodSite$PogoCachedMethodSiteNoUnwrapNoCoerce.invoke(PogoMetaMethodSite.java:198)
	at org.codehaus.groovy.runtime.callsite.PogoMetaMethodSite.callCurrent(PogoMetaMethodSite.java:62)
	at org.codehaus.groovy.runtime.callsite.AbstractCallSite.callCurrent(AbstractCallSite.java:185)
	at io.restassured.internal.ResponseSpecificationImpl.statusCode(ResponseSpecificationImpl.groovy:135)
	at io.restassured.specification.ResponseSpecification$statusCode$1.callCurrent(Unknown Source)
	at io.restassured.internal.ResponseSpecificationImpl.statusCode(ResponseSpecificationImpl.groovy:143)
	at io.restassured.internal.ValidatableResponseOptionsImpl.statusCode(ValidatableResponseOptionsImpl.java:89)
	at starter.product.Get.lambda$validateHttpResponseCode200$0(Get.java:23)
	at net.serenitybdd.rest.SerenityRest.restAssuredThat(SerenityRest.java:626)
	at starter.product.Get.validateHttpResponseCode200(Get.java:23)
	at starter.product.Get$ByteBuddy$diTN9VBh.validateHttpResponseCode200$accessor$imt7a14a(Unknown Source)
	at java.base/jdk.internal.reflect.NativeMethodAccessorImpl.invoke0(Native Method)
	at java.base/jdk.internal.reflect.NativeMethodAccessorImpl.invoke(NativeMethodAccessorImpl.java:77)
	at java.base/jdk.internal.reflect.DelegatingMethodAccessorImpl.invoke(DelegatingMethodAccessorImpl.java:43)
	at java.base/java.lang.reflect.Method.invoke(Method.java:568)
	at net.thucydides.core.steps.StepInterceptor.invokeMethod(StepInterceptor.java:503)
	at net.thucydides.core.steps.StepInterceptor.executeTestStepMethod(StepInterceptor.java:483)
	at net.thucydides.core.steps.StepInterceptor.runTestStep(StepInterceptor.java:457)
	at net.thucydides.core.steps.StepInterceptor.runOrSkipMethod(StepInterceptor.java:209)
	at net.thucydides.core.steps.StepInterceptor.testStepResult(StepInterceptor.java:196)
	at net.thucydides.core.steps.StepInterceptor.intercept(StepInterceptor.java:84)
	at net.thucydides.core.steps.ProxyConfiguration$InterceptorDispatcher.intercept(ProxyConfiguration.java:51)
	at starter.product.Get$ByteBuddy$diTN9VBh.validateHttpResponseCode200(Unknown Source)
	at starter.stepdefinitions.ProductSteps.receiveValidHttpResponses(ProductSteps.java:34)
	at ✽.I receive valid HTTP response code 200(file:///home/nadir/IdeaProjects/minproQE/src/test/resources/api/Product.feature:20)
&amp#27;[0m
]]></system-out>
  </testcase>
</testsuite>